  [1m[36m (0.4ms)[0m  [1mselect sqlite_version(*)[0m
  [1m[35m (113.3ms)[0m  CREATE TABLE "schema_migrations" ("version" varchar(255) NOT NULL) 
  [1m[36m (0.3ms)[0m  [1mPRAGMA index_list("schema_migrations")[0m
  [1m[35m (86.1ms)[0m  CREATE UNIQUE INDEX "unique_schema_migrations" ON "schema_migrations" ("version")
  [1m[36m (0.5ms)[0m  [1mSELECT "schema_migrations"."version" FROM "schema_migrations" [0m
Migrating to CreateMovies (20111119180638)
  [1m[35m (8.4ms)[0m  CREATE TABLE "movies" ("id" INTEGER PRIMARY KEY AUTOINCREMENT NOT NULL, "title" varchar(255), "rating" varchar(255), "description" text, "release_date" datetime, "created_at" datetime, "updated_at" datetime) 
  [1m[36m (0.5ms)[0m  [1mINSERT INTO "schema_migrations" ("version") VALUES ('20111119180638')[0m
  [1m[35m (45.6ms)[0m  select sqlite_version(*)
  [1m[36m (0.7ms)[0m  [1mSELECT "schema_migrations"."version" FROM "schema_migrations" [0m
  [1m[35m (0.3ms)[0m  PRAGMA index_list("movies")
  [1m[36m (0.7ms)[0m  [1mSELECT "schema_migrations"."version" FROM "schema_migrations" [0m
  [1m[35mSQL (151.2ms)[0m  INSERT INTO "movies" ("created_at", "description", "rating", "release_date", "title", "updated_at") VALUES (?, ?, ?, ?, ?, ?)  [["created_at", Sun, 28 Jul 2013 14:04:02 UTC +00:00], ["description", nil], ["rating", "G"], ["release_date", Wed, 25 Nov 1992 00:00:00 UTC +00:00], ["title", "Aladdin"], ["updated_at", Sun, 28 Jul 2013 14:04:02 UTC +00:00]]
  [1m[36mSQL (10.1ms)[0m  [1mINSERT INTO "movies" ("created_at", "description", "rating", "release_date", "title", "updated_at") VALUES (?, ?, ?, ?, ?, ?)[0m  [["created_at", Sun, 28 Jul 2013 14:04:03 UTC +00:00], ["description", nil], ["rating", "R"], ["release_date", Fri, 26 Oct 1984 00:00:00 UTC +00:00], ["title", "The Terminator"], ["updated_at", Sun, 28 Jul 2013 14:04:03 UTC +00:00]]
  [1m[35mSQL (3.6ms)[0m  INSERT INTO "movies" ("created_at", "description", "rating", "release_date", "title", "updated_at") VALUES (?, ?, ?, ?, ?, ?)  [["created_at", Sun, 28 Jul 2013 14:04:03 UTC +00:00], ["description", nil], ["rating", "R"], ["release_date", Fri, 21 Jul 1989 00:00:00 UTC +00:00], ["title", "When Harry Met Sally"], ["updated_at", Sun, 28 Jul 2013 14:04:03 UTC +00:00]]
  [1m[36mSQL (3.7ms)[0m  [1mINSERT INTO "movies" ("created_at", "description", "rating", "release_date", "title", "updated_at") VALUES (?, ?, ?, ?, ?, ?)[0m  [["created_at", Sun, 28 Jul 2013 14:04:03 UTC +00:00], ["description", nil], ["rating", "PG-13"], ["release_date", Wed, 10 Aug 2011 00:00:00 UTC +00:00], ["title", "The Help"], ["updated_at", Sun, 28 Jul 2013 14:04:03 UTC +00:00]]
  [1m[35mSQL (2.0ms)[0m  INSERT INTO "movies" ("created_at", "description", "rating", "release_date", "title", "updated_at") VALUES (?, ?, ?, ?, ?, ?)  [["created_at", Sun, 28 Jul 2013 14:04:03 UTC +00:00], ["description", nil], ["rating", "PG-13"], ["release_date", Fri, 05 Jan 2001 00:00:00 UTC +00:00], ["title", "Chocolat"], ["updated_at", Sun, 28 Jul 2013 14:04:03 UTC +00:00]]
  [1m[36mSQL (3.9ms)[0m  [1mINSERT INTO "movies" ("created_at", "description", "rating", "release_date", "title", "updated_at") VALUES (?, ?, ?, ?, ?, ?)[0m  [["created_at", Sun, 28 Jul 2013 14:04:03 UTC +00:00], ["description", nil], ["rating", "R"], ["release_date", Wed, 25 Apr 2001 00:00:00 UTC +00:00], ["title", "Amelie"], ["updated_at", Sun, 28 Jul 2013 14:04:03 UTC +00:00]]
  [1m[35mSQL (16.0ms)[0m  INSERT INTO "movies" ("created_at", "description", "rating", "release_date", "title", "updated_at") VALUES (?, ?, ?, ?, ?, ?)  [["created_at", Sun, 28 Jul 2013 14:04:03 UTC +00:00], ["description", nil], ["rating", "G"], ["release_date", Sat, 06 Apr 1968 00:00:00 UTC +00:00], ["title", "2001: A Space Odyssey"], ["updated_at", Sun, 28 Jul 2013 14:04:03 UTC +00:00]]
  [1m[36mSQL (2.2ms)[0m  [1mINSERT INTO "movies" ("created_at", "description", "rating", "release_date", "title", "updated_at") VALUES (?, ?, ?, ?, ?, ?)[0m  [["created_at", Sun, 28 Jul 2013 14:04:03 UTC +00:00], ["description", nil], ["rating", "PG"], ["release_date", Fri, 05 Nov 2004 00:00:00 UTC +00:00], ["title", "The Incredibles"], ["updated_at", Sun, 28 Jul 2013 14:04:03 UTC +00:00]]
  [1m[35mSQL (3.1ms)[0m  INSERT INTO "movies" ("created_at", "description", "rating", "release_date", "title", "updated_at") VALUES (?, ?, ?, ?, ?, ?)  [["created_at", Sun, 28 Jul 2013 14:04:03 UTC +00:00], ["description", nil], ["rating", "PG"], ["release_date", Fri, 12 Jun 1981 00:00:00 UTC +00:00], ["title", "Raiders of the Lost Ark"], ["updated_at", Sun, 28 Jul 2013 14:04:03 UTC +00:00]]
  [1m[36mSQL (2.7ms)[0m  [1mINSERT INTO "movies" ("created_at", "description", "rating", "release_date", "title", "updated_at") VALUES (?, ?, ?, ?, ?, ?)[0m  [["created_at", Sun, 28 Jul 2013 14:04:03 UTC +00:00], ["description", nil], ["rating", "G"], ["release_date", Wed, 21 Jun 2000 00:00:00 UTC +00:00], ["title", "Chicken Run"], ["updated_at", Sun, 28 Jul 2013 14:04:03 UTC +00:00]]


Started GET "/movies" for 127.0.0.1 at 2013-07-28 07:09:33 -0700
  Processing by MoviesController#index as HTML
  [1m[36mMovie Load (9.3ms)[0m  [1mSELECT "movies".* FROM "movies" [0m
Rendered movies/index.html.haml within layouts/application (938.4ms)
Compiled application.css  (44ms)  (pid 6685)
Compiled application.js  (146ms)  (pid 6685)
Compiled jquery.js  (114ms)  (pid 6685)
Compiled jquery_ujs.js  (43ms)  (pid 6685)
Completed 200 OK in 3975ms (Views: 3945.6ms | ActiveRecord: 10.6ms)


Started GET "/assets/jquery.js?body=1" for 127.0.0.1 at 2013-07-28 07:10:07 -0700
Served asset /jquery.js - 304 Not Modified (273ms)


Started GET "/assets/application.css?body=1" for 127.0.0.1 at 2013-07-28 07:10:08 -0700
Served asset /application.css - 304 Not Modified (84ms)


Started GET "/assets/jquery_ujs.js?body=1" for 127.0.0.1 at 2013-07-28 07:10:09 -0700
Served asset /jquery_ujs.js - 304 Not Modified (378ms)


Started GET "/assets/application.js?body=1" for 127.0.0.1 at 2013-07-28 07:10:09 -0700
Served asset /application.js - 304 Not Modified (848ms)
  [1m[36m (0.7ms)[0m  [1mSELECT "schema_migrations"."version" FROM "schema_migrations" [0m
Migrating to CreateMovies (20111119180638)
  [1m[35m (2.1ms)[0m  select sqlite_version(*)
  [1m[36m (0.6ms)[0m  [1mSELECT "schema_migrations"."version" FROM "schema_migrations" [0m
  [1m[35m (0.2ms)[0m  PRAGMA index_list("movies")


Started GET "/assets/rails.png" for 127.0.0.1 at 2013-07-30 19:06:41 -0700
Served asset /rails.png - 200 OK (348ms)


Started GET "/movies" for 127.0.0.1 at 2013-07-30 19:07:13 -0700
  Processing by MoviesController#index as HTML
  [1m[36mMovie Load (20.9ms)[0m  [1mSELECT "movies".* FROM "movies" [0m
Rendered movies/index.html.haml within layouts/application (929.2ms)
Completed 200 OK in 4400ms (Views: 4324.5ms | ActiveRecord: 22.0ms)


Started GET "/assets/jquery.js?body=1" for 127.0.0.1 at 2013-07-30 19:07:25 -0700
Served asset /jquery.js - 200 OK (428ms)


Started GET "/assets/application.js?body=1" for 127.0.0.1 at 2013-07-30 19:07:25 -0700
Served asset /application.js - 200 OK (227ms)


Started GET "/assets/jquery_ujs.js?body=1" for 127.0.0.1 at 2013-07-30 19:07:26 -0700
Served asset /jquery_ujs.js - 200 OK (317ms)


Started GET "/assets/application.css?body=1" for 127.0.0.1 at 2013-07-30 19:07:26 -0700
Served asset /application.css - 200 OK (72ms)


Started GET "/movies" for 127.0.0.1 at 2013-07-30 19:42:36 -0700
  Processing by MoviesController#index as HTML
  [1m[36mMovie Load (38.9ms)[0m  [1mSELECT "movies".* FROM "movies" [0m
Rendered movies/index.html.haml within layouts/application (557.2ms)
Completed 200 OK in 3276ms (Views: 3231.4ms | ActiveRecord: 40.4ms)


Started GET "/movies" for 127.0.0.1 at 2013-07-30 19:43:27 -0700
  Processing by MoviesController#index as HTML
  [1m[35mMovie Load (1.6ms)[0m  SELECT "movies".* FROM "movies" 
Rendered movies/index.html.haml within layouts/application (283.0ms)
Completed 200 OK in 445ms (Views: 408.7ms | ActiveRecord: 31.7ms)


Started GET "/assets/application.css?body=1" for 127.0.0.1 at 2013-07-30 19:43:32 -0700
Served asset /application.css - 304 Not Modified (0ms)


Started GET "/assets/jquery.js?body=1" for 127.0.0.1 at 2013-07-30 19:43:33 -0700
Served asset /jquery.js - 304 Not Modified (125ms)


Started GET "/assets/jquery_ujs.js?body=1" for 127.0.0.1 at 2013-07-30 19:43:34 -0700
Served asset /jquery_ujs.js - 304 Not Modified (42ms)


Started GET "/assets/application.js?body=1" for 127.0.0.1 at 2013-07-30 19:43:34 -0700
Served asset /application.js - 304 Not Modified (10ms)


Started GET "/movies?sort=title_header" for 127.0.0.1 at 2013-07-30 19:43:45 -0700
  Processing by MoviesController#index as HTML
  Parameters: {"sort"=>"title_header"}
  [1m[36mMovie Load (1.5ms)[0m  [1mSELECT "movies".* FROM "movies" ORDER BY title_header[0m
SQLite3::SQLException: no such column: title_header: SELECT "movies".* FROM "movies"  ORDER BY title_header
Rendered movies/index.html.haml within layouts/application (40.8ms)
Completed 500 Internal Server Error in 137ms

ActionView::Template::Error (SQLite3::SQLException: no such column: title_header: SELECT "movies".* FROM "movies"  ORDER BY title_header):
    9:       %th= link_to "Release Date", :sort => "release_date_header" 
    10:       %th More Info
    11:   %tbody
    12:     - @movies.each do |movie|
    13:       %tr
    14:         %td= movie.title 
    15:         %td= movie.rating
  app/views/movies/index.html.haml:12:in `_app_views_movies_index_html_haml__194665494__639671098'

Rendered /usr/local/lib/ruby/gems/1.9.1/gems/actionpack-3.1.0/lib/action_dispatch/middleware/templates/rescues/_trace.erb (22.5ms)
Rendered /usr/local/lib/ruby/gems/1.9.1/gems/actionpack-3.1.0/lib/action_dispatch/middleware/templates/rescues/_request_and_response.erb (37.4ms)
Rendered /usr/local/lib/ruby/gems/1.9.1/gems/actionpack-3.1.0/lib/action_dispatch/middleware/templates/rescues/template_error.erb within rescues/layout (140.2ms)
